Content-Type: text/plain; charset="utf-8"
MIME-Version: 1.0
Content-Transfer-Encoding: 8bit
Subject: Password reset on 127.0.0.1:8000
From: webmaster@localhost
To: hajiinamullaho99@gmail.com
Date: Sat, 22 Jul 2023 19:46:56 -0000
Message-ID: <169005521603.11940.11931531488668464337@DESKTOP-ACC9LLV>


You're receiving this email because you requested a password reset for your user account at 127.0.0.1:8000.

Please go to the following page and choose a new password:

http://127.0.0.1:8000/accounts/reset/NQ/brrm68-0de309550728e78317d01aad4d760362/

Your username, in case you’ve forgotten: kjaljaljld

Thanks for using our site!

The 127.0.0.1:8000 team



-------------------------------------------------------------------------------
Content-Type: text/plain; charset="utf-8"
MIME-Version: 1.0
Content-Transfer-Encoding: 8bit
Subject: Password reset on 127.0.0.1:8000
From: webmaster@localhost
To: hajiinamullaho99@gmail.com
Date: Sat, 22 Jul 2023 19:46:56 -0000
Message-ID: <169005521603.11940.2467055345716362748@DESKTOP-ACC9LLV>


You're receiving this email because you requested a password reset for your user account at 127.0.0.1:8000.

Please go to the following page and choose a new password:

http://127.0.0.1:8000/accounts/reset/MTI/brrm68-8aa043c5aa3f2462fb1c31f496eac9c2/

Your username, in case you’ve forgotten: dhat creation chanal

Thanks for using our site!

The 127.0.0.1:8000 team



-------------------------------------------------------------------------------
Content-Type: text/plain; charset="utf-8"
MIME-Version: 1.0
Content-Transfer-Encoding: 8bit
Subject: Password reset on 127.0.0.1:8000
From: webmaster@localhost
To: hajiinamullaho99@gmail.com
Date: Sat, 22 Jul 2023 19:46:56 -0000
Message-ID: <169005521604.11940.396526296285708697@DESKTOP-ACC9LLV>


You're receiving this email because you requested a password reset for your user account at 127.0.0.1:8000.

Please go to the following page and choose a new password:

http://127.0.0.1:8000/accounts/reset/MTY/brrm68-844b3d30f36e85cc4d2e0a977071f5e3/

Your username, in case you’ve forgotten: mujtaba

Thanks for using our site!

The 127.0.0.1:8000 team



-------------------------------------------------------------------------------
