Content-Type: text/plain; charset="utf-8"
MIME-Version: 1.0
Content-Transfer-Encoding: 8bit
Subject: Password reset on 127.0.0.1:8000
From: webmaster@localhost
To: hajiinamullaho99@gmail.com
Date: Sat, 22 Jul 2023 19:45:24 -0000
Message-ID: <169005512403.6316.15869380205690362148@DESKTOP-ACC9LLV>


You're receiving this email because you requested a password reset for your user account at 127.0.0.1:8000.

Please go to the following page and choose a new password:

http://127.0.0.1:8000/accounts/reset/NQ/brrm3o-397a766cb87789c813817ef6b259729a/

Your username, in case you’ve forgotten: kjaljaljld

Thanks for using our site!

The 127.0.0.1:8000 team



-------------------------------------------------------------------------------
Content-Type: text/plain; charset="utf-8"
MIME-Version: 1.0
Content-Transfer-Encoding: 8bit
Subject: Password reset on 127.0.0.1:8000
From: webmaster@localhost
To: hajiinamullaho99@gmail.com
Date: Sat, 22 Jul 2023 19:45:24 -0000
Message-ID: <169005512406.6316.16775556796283217758@DESKTOP-ACC9LLV>


You're receiving this email because you requested a password reset for your user account at 127.0.0.1:8000.

Please go to the following page and choose a new password:

http://127.0.0.1:8000/accounts/reset/MTY/brrm3o-34e72d7a678751208715a31693cc0d12/

Your username, in case you’ve forgotten: mujtaba

Thanks for using our site!

The 127.0.0.1:8000 team



-------------------------------------------------------------------------------
